<?xml version="1.0" encoding="UTF-8"?>
<!-- Generated by org.testng.reporters.JUnitReportReporter -->
<testsuite skipped="0" hostname="laptop" name="estest.twitter.statuses.TwitterWorkflowTest" tests="3" failures="0" timestamp="04 Jul 2018 20:11:57 GMT" time="15.359" errors="0">
  <testcase name="readTweet" time="2.320" classname="estest.twitter.statuses.TwitterWorkflowTest"/>
  <testcase name="deleteTweet" time="0.560" classname="estest.twitter.statuses.TwitterWorkflowTest"/>
  <testcase name="postTweet" time="12.479" classname="estest.twitter.statuses.TwitterWorkflowTest"/>
</testsuite> <!-- estest.twitter.statuses.TwitterWorkflowTest -->
